modul-4/220441100149-AvrizalRendiPrayoga/app/build/intermediates/manifest_merge_blame_file/debug/manifest-merger-blame-debug-report.txt
1<?xml version="1.0" encoding="utf-8"?>
2<manifest xmlns:android="http://schemas.android.com/apk/res/android"
3    package="com.example.modul4"
4    android:versionCode="1"
5    android:versionName="1.0" >
6
7    <uses-sdk
8        android:minSdkVersion="24"
9        android:targetSdkVersion="34" />
10
11    <queries>
11-->src\main\AndroidManifest.xml:5:5-8:15
12        <package android:name="com.whatsapp" />
12-->src\main\AndroidManifest.xml:6:9-48
12-->src\main\AndroidManifest.xml:6:18-45
13        <package android:name="com.whatsapp.w4b" />
13-->src\main\AndroidManifest.xml:7:9-52
13-->src\main\AndroidManifest.xml:7:18-49
14
15        <intent>
15-->[com.github.esafirm:android-image-picker:3.1.0] AndroidManifest.xml:19:9-21:18
16            <action android:name="android.media.action.IMAGE_CAPTURE" />
16-->[com.github.esafirm:android-image-picker:3.1.0] AndroidManifest.xml:20:13-73
16-->[com.github.esafirm:android-image-picker:3.1.0] AndroidManifest.xml:20:21-70
17        </intent>
18    </queries>
19
20    <uses-feature
20-->src\main\AndroidManifest.xml:10:5-12:36
21        android:name="android.hardware.camera"
21-->src\main\AndroidManifest.xml:11:9-47
22        android:required="false" />
22-->src\main\AndroidManifest.xml:12:9-33
23
24    <uses-permission android:name="android.permission.CAMERA" />
24-->src\main\AndroidManifest.xml:14:5-65
24-->src\main\AndroidManifest.xml:14:22-62
25    <uses-permission
25-->src\main\AndroidManifest.xml:15:5-81
26        android:name="android.permission.WRITE_EXTERNAL_STORAGE"
26-->src\main\AndroidManifest.xml:15:22-78
27        android:maxSdkVersion="29" />
27-->[com.github.esafirm:android-image-picker:3.1.0] AndroidManifest.xml:12:9-35
28    <uses-permission android:name="android.permission.INTERNET" />
28-->src\main\AndroidManifest.xml:16:5-67
28-->src\main\AndroidManifest.xml:16:22-64
29    <uses-permission android:name="android.permission.READ_EXTERNAL_STORAGE" /> <!-- Tiramisu and above -->
29-->[com.github.esafirm:android-image-picker:3.1.0] AndroidManifest.xml:9:5-80
29-->[com.github.esafirm:android-image-picker:3.1.0] AndroidManifest.xml:9:22-77
30    <uses-permission android:name="android.permission.READ_MEDIA_IMAGES" />
30-->[com.github.esafirm:android-image-picker:3.1.0] AndroidManifest.xml:15:5-76
30-->[com.github.esafirm:android-image-picker:3.1.0] AndroidManifest.xml:15:22-73
31    <uses-permission android:name="android.permission.READ_MEDIA_VIDEO" />
31-->[com.github.esafirm:android-image-picker:3.1.0] AndroidManifest.xml:16:5-75
31-->[com.github.esafirm:android-image-picker:3.1.0] AndroidManifest.xml:16:22-72
32
33    <permission
33-->[androidx.core:core:1.13.0] AndroidManifest.xml:22:5-24:47
34        android:name="com.example.modul4.DYNAMIC_RECEIVER_NOT_EXPORTED_PERMISSION"
34-->[androidx.core:core:1.13.0] AndroidManifest.xml:23:9-81
35        android:protectionLevel="signature" />
35-->[androidx.core:core:1.13.0] AndroidManifest.xml:24:9-44
36
37    <uses-permission android:name="com.example.modul4.DYNAMIC_RECEIVER_NOT_EXPORTED_PERMISSION" />
37-->[androidx.core:core:1.13.0] AndroidManifest.xml:26:5-97
37-->[androidx.core:core:1.13.0] AndroidManifest.xml:26:22-94
38
39    <application
39-->src\main\AndroidManifest.xml:18:5-53:19
40        android:allowBackup="true"
40-->src\main\AndroidManifest.xml:19:9-35
41        android:appComponentFactory="androidx.core.app.CoreComponentFactory"
41-->[androidx.core:core:1.13.0] AndroidManifest.xml:28:18-86
42        android:dataExtractionRules="@xml/data_extraction_rules"
42-->src\main\AndroidManifest.xml:20:9-65
43        android:debuggable="true"
44        android:extractNativeLibs="false"
45        android:fullBackupContent="@xml/backup_rules"
45-->src\main\AndroidManifest.xml:21:9-54
46        android:icon="@mipmap/ic_launcher"
46-->src\main\AndroidManifest.xml:22:9-43
47        android:label="@string/app_name"
47-->src\main\AndroidManifest.xml:23:9-41
48        android:roundIcon="@mipmap/ic_launcher_round"
48-->src\main\AndroidManifest.xml:24:9-54
49        android:supportsRtl="true"
49-->src\main\AndroidManifest.xml:25:9-35
50        android:theme="@style/Theme.Modul4" >
50-->src\main\AndroidManifest.xml:26:9-44
51        <activity
51-->src\main\AndroidManifest.xml:28:9-30:40
52            android:name="com.example.modul4.DetailActivity"
52-->src\main\AndroidManifest.xml:29:13-43
53            android:exported="false" />
53-->src\main\AndroidManifest.xml:30:13-37
54        <activity
54-->src\main\AndroidManifest.xml:31:9-33:40
55            android:name="com.example.modul4.AddPostActivity"
55-->src\main\AndroidManifest.xml:32:13-44
56            android:exported="false" />
56-->src\main\AndroidManifest.xml:33:13-37
57        <activity
57-->src\main\AndroidManifest.xml:34:9-42:20
58            android:name="com.example.modul4.MainActivity"
58-->src\main\AndroidManifest.xml:35:13-41
59            android:exported="true" >
59-->src\main\AndroidManifest.xml:36:13-36
60            <intent-filter>
60-->src\main\AndroidManifest.xml:37:13-41:29
61                <action android:name="android.intent.action.MAIN" />
61-->src\main\AndroidManifest.xml:38:17-69
61-->src\main\AndroidManifest.xml:38:25-66
62
63                <category android:name="android.intent.category.LAUNCHER" />
63-->src\main\AndroidManifest.xml:40:17-77
63-->src\main\AndroidManifest.xml:40:27-74
64            </intent-filter>
65        </activity>
66
67        <provider
68            android:name="androidx.core.content.FileProvider"
68-->src\main\AndroidManifest.xml:45:13-62
69            android:authorities="com.example.modul4.fileprovider"
69-->src\main\AndroidManifest.xml:46:13-64
70            android:exported="false"
70-->src\main\AndroidManifest.xml:47:13-37
71            android:grantUriPermissions="true" >
71-->src\main\AndroidManifest.xml:48:13-47
72            <meta-data
72-->src\main\AndroidManifest.xml:49:13-51:54
73                android:name="android.support.FILE_PROVIDER_PATHS"
73-->src\main\AndroidManifest.xml:50:17-67
74                android:resource="@xml/file_paths" />
74-->src\main\AndroidManifest.xml:51:17-51
75        </provider>
76
77        <activity
77-->[com.github.esafirm:android-image-picker:3.1.0] AndroidManifest.xml:25:9-28:50
78            android:name="com.esafirm.imagepicker.features.ImagePickerActivity"
78-->[com.github.esafirm:android-image-picker:3.1.0] AndroidManifest.xml:26:13-80
79            android:configChanges="orientation|screenSize"
79-->[com.github.esafirm:android-image-picker:3.1.0] AndroidManifest.xml:27:13-59
80            android:theme="@style/ef_AppTheme" />
80-->[com.github.esafirm:android-image-picker:3.1.0] AndroidManifest.xml:28:13-47
81
82        <provider
82-->[com.github.esafirm:android-image-picker:3.1.0] AndroidManifest.xml:30:9-38:20
83            android:name="com.esafirm.imagepicker.helper.ImagePickerFileProvider"
83-->[com.github.esafirm:android-image-picker:3.1.0] AndroidManifest.xml:31:13-82
84            android:authorities="com.example.modul4.imagepicker.provider"
84-->[com.github.esafirm:android-image-picker:3.1.0] AndroidManifest.xml:32:13-72
85            android:exported="false"
85-->[com.github.esafirm:android-image-picker:3.1.0] AndroidManifest.xml:33:13-37
86            android:grantUriPermissions="true" >
86-->[com.github.esafirm:android-image-picker:3.1.0] AndroidManifest.xml:34:13-47
87            <meta-data
87-->src\main\AndroidManifest.xml:49:13-51:54
88                android:name="android.support.FILE_PROVIDER_PATHS"
88-->src\main\AndroidManifest.xml:50:17-67
89                android:resource="@xml/image_picker_provider_paths" />
89-->src\main\AndroidManifest.xml:51:17-51
90        </provider>
91
92        <service
92-->[androidx.room:room-runtime:2.5.2] AndroidManifest.xml:24:9-28:63
93            android:name="androidx.room.MultiInstanceInvalidationService"
93-->[androidx.room:room-runtime:2.5.2] AndroidManifest.xml:25:13-74
94            android:directBootAware="true"
94-->[androidx.room:room-runtime:2.5.2] AndroidManifest.xml:26:13-43
95            android:exported="false" />
95-->[androidx.room:room-runtime:2.5.2] AndroidManifest.xml:27:13-37
96
97        <provider
97-->[androidx.emoji2:emoji2:1.2.0] AndroidManifest.xml:24:9-32:20
98            android:name="androidx.startup.InitializationProvider"
98-->[androidx.emoji2:emoji2:1.2.0] AndroidManifest.xml:25:13-67
99            android:authorities="com.example.modul4.androidx-startup"
99-->[androidx.emoji2:emoji2:1.2.0] AndroidManifest.xml:26:13-68
100            android:exported="false" >
100-->[androidx.emoji2:emoji2:1.2.0] AndroidManifest.xml:27:13-37
101            <meta-data
101-->[androidx.emoji2:emoji2:1.2.0] AndroidManifest.xml:29:13-31:52
102                android:name="androidx.emoji2.text.EmojiCompatInitializer"
102-->[androidx.emoji2:emoji2:1.2.0] AndroidManifest.xml:30:17-75
103                android:value="androidx.startup" />
103-->[androidx.emoji2:emoji2:1.2.0] AndroidManifest.xml:31:17-49
104            <meta-data
104-->[androidx.lifecycle:lifecycle-process:2.6.2] AndroidManifest.xml:29:13-31:52
105                android:name="androidx.lifecycle.ProcessLifecycleInitializer"
105-->[androidx.lifecycle:lifecycle-process:2.6.2] AndroidManifest.xml:30:17-78
106                android:value="androidx.startup" />
106-->[androidx.lifecycle:lifecycle-process:2.6.2] AndroidManifest.xml:31:17-49
107            <meta-data
107-->[androidx.profileinstaller:profileinstaller:1.3.0] AndroidManifest.xml:29:13-31:52
108                android:name="androidx.profileinstaller.ProfileInstallerInitializer"
108-->[androidx.profileinstaller:profileinstaller:1.3.0] AndroidManifest.xml:30:17-85
109                android:value="androidx.startup" />
109-->[androidx.profileinstaller:profileinstaller:1.3.0] AndroidManifest.xml:31:17-49
110        </provider>
111
112        <receiver
112-->[androidx.profileinstaller:profileinstaller:1.3.0] AndroidManifest.xml:34:9-52:20
113            android:name="androidx.profileinstaller.ProfileInstallReceiver"
113-->[androidx.profileinstaller:profileinstaller:1.3.0] AndroidManifest.xml:35:13-76
114            android:directBootAware="false"
114-->[androidx.profileinstaller:profileinstaller:1.3.0] AndroidManifest.xml:36:13-44
115            android:enabled="true"
115-->[androidx.profileinstaller:profileinstaller:1.3.0] AndroidManifest.xml:37:13-35
116            android:exported="true"
116-->[androidx.profileinstaller:profileinstaller:1.3.0] AndroidManifest.xml:38:13-36
117            android:permission="android.permission.DUMP" >
117-->[androidx.profileinstaller:profileinstaller:1.3.0] AndroidManifest.xml:39:13-57
118            <intent-filter>
118-->[androidx.profileinstaller:profileinstaller:1.3.0] AndroidManifest.xml:40:13-42:29
119                <action android:name="androidx.profileinstaller.action.INSTALL_PROFILE" />
119-->[androidx.profileinstaller:profileinstaller:1.3.0] AndroidManifest.xml:41:17-91
119-->[androidx.profileinstaller:profileinstaller:1.3.0] AndroidManifest.xml:41:25-88
120            </intent-filter>
121            <intent-filter>
121-->[androidx.profileinstaller:profileinstaller:1.3.0] AndroidManifest.xml:43:13-45:29
122                <action android:name="androidx.profileinstaller.action.SKIP_FILE" />
122-->[androidx.profileinstaller:profileinstaller:1.3.0] AndroidManifest.xml:44:17-85
122-->[androidx.profileinstaller:profileinstaller:1.3.0] AndroidManifest.xml:44:25-82
123            </intent-filter>
124            <intent-filter>
124-->[androidx.profileinstaller:profileinstaller:1.3.0] AndroidManifest.xml:46:13-48:29
125                <action android:name="androidx.profileinstaller.action.SAVE_PROFILE" />
125-->[androidx.profileinstaller:profileinstaller:1.3.0] AndroidManifest.xml:47:17-88
125-->[androidx.profileinstaller:profileinstaller:1.3.0] AndroidManifest.xml:47:25-85
126            </intent-filter>
127            <intent-filter>
127-->[androidx.profileinstaller:profileinstaller:1.3.0] AndroidManifest.xml:49:13-51:29
128                <action android:name="androidx.profileinstaller.action.BENCHMARK_OPERATION" />
128-->[androidx.profileinstaller:profileinstaller:1.3.0] AndroidManifest.xml:50:17-95
128-->[androidx.profileinstaller:profileinstaller:1.3.0] AndroidManifest.xml:50:25-92
129            </intent-filter>
130        </receiver>
131    </application>
132
133</manifest>